[    0.000000] Initializing cgroup subsys cpuset
[    0.000000] Initializing cgroup subsys cpu
[    0.000000] Initializing cgroup subsys cpuacct
[    0.000000] Linux version 4.4.0-210-generic (buildd@lgw01-amd64-009) (gcc version 5.4.0 20160609 (Ubuntu 5.4.0-6ubuntu1~16.04.12) ) #242-Ubuntu SMP Fri Apr 16 09:57:56 UTC 2021 (Ubuntu 4.4.0-210.242-generic 4.4.262)
[    0.000000] Command line: BOOT_IMAGE=/boot/vmlinuz-4.4.0-210-generic root=LABEL=cloudimg-rootfs ro console=tty1 console=ttyS0
[    0.000000] KERNEL supported cpus:
[    0.000000]   Intel GenuineIntel
[    0.000000]   AMD AuthenticAMD
[    0.000000]   Centaur CentaurHauls
[    0.000000] x86/fpu: xstate_offset[2]:  576, xstate_sizes[2]:  256
[    0.000000] x86/fpu: Supporting XSAVE feature 0x01: 'x87 floating point registers'
[    0.000000] x86/fpu: Supporting XSAVE feature 0x02: 'SSE registers'
[    0.000000] x86/fpu: Supporting XSAVE feature 0x04: 'AVX registers'
[    0.000000] x86/fpu: Enabled xstate features 0x7, context size is 832 bytes, using 'standard' format.
[    0.000000] e820: BIOS-provided physical RAM map:
[    0.000000] BIOS-e820: [mem 0x0000000000000000-0x000000000009fbff] usable
[    0.000000] BIOS-e820: [mem 0x000000000009fc00-0x000000000009ffff] reserved
[    0.000000] BIOS-e820: [mem 0x00000000000f0000-0x00000000000fffff] reserved
[    0.000000] BIOS-e820: [mem 0x0000000000100000-0x000000003ffeffff] usable
[    0.000000] BIOS-e820: [mem 0x000000003fff0000-0x000000003fffffff] ACPI data
[    0.000000] BIOS-e820: [mem 0x00000000fec00000-0x00000000fec00fff] reserved
[    0.000000] BIOS-e820: [mem 0x00000000fee00000-0x00000000fee00fff] reserved
[    0.000000] BIOS-e820: [mem 0x00000000fffc0000-0x00000000ffffffff] reserved
[    0.000000] NX (Execute Disable) protection: active
[    0.000000] SMBIOS 2.5 present.
[    0.000000] Hypervisor detected: KVM
[    0.000000] e820: last_pfn = 0x3fff0 max_arch_pfn = 0x400000000
[    0.000000] MTRR: Disabled
[    0.000000] x86/PAT: MTRRs disabled, skipping PAT initialization too.
[    0.000000] CPU MTRRs all blank - virtualized system.
[    0.000000] x86/PAT: Configuration [0-7]: WB  WT  UC- UC  WB  WT  UC- UC  
[    0.000000] found SMP MP-table at [mem 0x0009fff0-0x0009ffff] mapped at [ffff88000009fff0]
[    0.000000] Scanning 1 areas for low memory corruption
[    0.000000] RAMDISK: [mem 0x362dc000-0x37165fff]
[    0.000000] ACPI: Early table checksum verification disabled
[    0.000000] ACPI: RSDP 0x00000000000E0000 000024 (v02 VBOX  )
[    0.000000] ACPI: XSDT 0x000000003FFF0030 00003C (v01 VBOX   VBOXXSDT 00000001 ASL  00000061)
[    0.000000] ACPI: FACP 0x000000003FFF00F0 0000F4 (v04 VBOX   VBOXFACP 00000001 ASL  00000061)
[    0.000000] ACPI: DSDT 0x000000003FFF0470 002325 (v02 VBOX   VBOXBIOS 00000002 INTL 20100528)
[    0.000000] ACPI: FACS 0x000000003FFF0200 000040
[    0.000000] ACPI: FACS 0x000000003FFF0200 000040
[    0.000000] ACPI: APIC 0x000000003FFF0240 00005C (v02 VBOX   VBOXAPIC 00000001 ASL  00000061)
[    0.000000] ACPI: SSDT 0x000000003FFF02A0 0001CC (v01 VBOX   VBOXCPUT 00000002 INTL 20100528)
[    0.000000] No NUMA configuration found
[    0.000000] Faking a node at [mem 0x0000000000000000-0x000000003ffeffff]
[    0.000000] NODE_DATA(0) allocated [mem 0x3ffeb000-0x3ffeffff]
[    0.000000] kvm-clock: Using msrs 4b564d01 and 4b564d00
[    0.000000] kvm-clock: cpu 0, msr 0:3ffe3001, primary cpu clock
[    0.000000] kvm-clock: using sched offset of 4719154475 cycles
[    0.000000] clocksource: kvm-clock: mask: 0xffffffffffffffff max_cycles: 0x1cd42e4dffb, max_idle_ns: 881590591483 ns
[    0.000000] Zone ranges:
[    0.000000]   DMA      [mem 0x0000000000001000-0x0000000000ffffff]
[    0.000000]   DMA32    [mem 0x0000000001000000-0x000000003ffeffff]
[    0.000000]   Normal   empty
[    0.000000]   Device   empty
[    0.000000] Movable zone start for each node
[    0.000000] Early memory node ranges
[    0.000000]   node   0: [mem 0x0000000000001000-0x000000000009efff]
[    0.000000]   node   0: [mem 0x0000000000100000-0x000000003ffeffff]
[    0.000000] Initmem setup node 0 [mem 0x0000000000001000-0x000000003ffeffff]
[    0.000000] ACPI: PM-Timer IO Port: 0x4008
[    0.000000] IOAPIC[0]: apic_id 2, version 32, address 0xfec00000, GSI 0-23
[    0.000000] ACPI: INT_SRC_OVR (bus 0 bus_irq 0 global_irq 2 dfl dfl)
[    0.000000] ACPI: INT_SRC_OVR (bus 0 bus_irq 9 global_irq 9 low level)
[    0.000000] Using ACPI (MADT) for SMP configuration information
[    0.000000] smpboot: Allowing 2 CPUs, 0 hotplug CPUs
[    0.000000] PM: Registered nosave memory: [mem 0x00000000-0x00000fff]
[    0.000000] PM: Registered nosave memory: [mem 0x0009f000-0x0009ffff]
[    0.000000] PM: Registered nosave memory: [mem 0x000a0000-0x000effff]
[    0.000000] PM: Registered nosave memory: [mem 0x000f0000-0x000fffff]
[    0.000000] e820: [mem 0x40000000-0xfebfffff] available for PCI devices
[    0.000000] Booting paravirtualized kernel on KVM
[    0.000000] clocksource: refined-jiffies: mask: 0xffffffff max_cycles: 0xffffffff, max_idle_ns: 7645519600211568 ns
[    0.000000] setup_percpu: NR_CPUS:512 nr_cpumask_bits:512 nr_cpu_ids:2 nr_node_ids:1
[    0.000000] PERCPU: Embedded 33 pages/cpu @ffff88003fc00000 s95192 r8192 d31784 u1048576
[    0.000000] Built 1 zonelists in Node order, mobility grouping on.  Total pages: 257912
[    0.000000] Policy zone: DMA32
[    0.000000] Kernel command line: BOOT_IMAGE=/boot/vmlinuz-4.4.0-210-generic root=LABEL=cloudimg-rootfs ro console=tty1 console=ttyS0
[    0.000000] PID hash table entries: 4096 (order: 3, 32768 bytes)
[    0.000000] Memory: 997792K/1048120K available (8644K kernel code, 1332K rwdata, 4044K rodata, 1492K init, 1164K bss, 50328K reserved, 0K cma-reserved)
[    0.000000] SLUB: HWalign=64, Order=0-3, MinObjects=0, CPUs=2, Nodes=1
[    0.000000] Kernel/User page tables isolation: enabled
[    0.000000] Hierarchical RCU implementation.
[    0.000000] 	Build-time adjustment of leaf fanout to 64.
[    0.000000] 	RCU restricting CPUs from NR_CPUS=512 to nr_cpu_ids=2.
[    0.000000] RCU: Adjusting geometry for rcu_fanout_leaf=64, nr_cpu_ids=2
[    0.000000] NR_IRQS:33024 nr_irqs:440 16
[    0.000000] Console: colour VGA+ 80x25
[    0.000000] console [tty1] enabled
[    0.000000] console [ttyS0] enabled
[    0.000000] tsc: Detected 2494.222 MHz processor
[    0.503631] Calibrating delay loop (skipped) preset value.. 4988.44 BogoMIPS (lpj=9976888)
[    0.509406] pid_max: default: 32768 minimum: 301
[    0.512423] ACPI: Core revision 20150930
[    0.520332] ACPI: 2 ACPI AML tables successfully acquired and loaded
[    0.524512] Security Framework initialized
[    0.527570] Yama: becoming mindful.
[    0.530060] AppArmor: AppArmor initialized
[    0.533228] Dentry cache hash table entries: 131072 (order: 8, 1048576 bytes)
[    0.543761] Inode-cache hash table entries: 65536 (order: 7, 524288 bytes)
[    0.548510] Mount-cache hash table entries: 2048 (order: 2, 16384 bytes)
[    0.552218] Mountpoint-cache hash table entries: 2048 (order: 2, 16384 bytes)
[    0.556308] Initializing cgroup subsys io
[    0.558548] Initializing cgroup subsys memory
[    0.561023] Initializing cgroup subsys devices
[    0.563655] Initializing cgroup subsys freezer
[    0.566901] Initializing cgroup subsys net_cls
[    0.569693] Initializing cgroup subsys perf_event
[    0.572846] Initializing cgroup subsys net_prio
[    0.575890] Initializing cgroup subsys hugetlb
[    0.578714] Initializing cgroup subsys pids
[    0.582132] mce: CPU supports 0 MCE banks
[    0.584827] Last level iTLB entries: 4KB 1024, 2MB 1024, 4MB 1024
[    0.588650] Last level dTLB entries: 4KB 1024, 2MB 1024, 4MB 1024, 1GB 4
[    0.592695] Spectre V1 : Mitigation: usercopy/swapgs barriers and __user pointer sanitization
[    0.598612] Spectre V2 : Mitigation: Full generic retpoline
[    0.602282] Spectre V2 : Spectre v2 / SpectreRSB mitigation: Filling RSB on context switch
[    0.607930] Speculative Store Bypass: Vulnerable
[    0.611018] SRBDS: Unknown: Dependent on hypervisor status
[    0.614818] MDS: Mitigation: Clear CPU buffers
[    0.624855] Freeing SMP alternatives memory: 36K
[    0.643153] ftrace: allocating 32380 entries in 127 pages
[    0.825686] smpboot: APIC(0) Converting physical 0 to logical package 0
[    0.830016] smpboot: Max logical packages: 1
[    0.833607] x2apic enabled
[    0.836690] Switched APIC routing to physical x2apic.
[    0.844736] ..TIMER: vector=0x30 apic1=0 pin1=2 apic2=-1 pin2=-1
[    0.956784] smpboot: CPU0: Intel(R) Core(TM) i5-4300U CPU @ 1.90GHz (family: 0x6, model: 0x45, stepping: 0x1)
[    0.964437] Performance Events: unsupported p6 CPU model 69 no PMU driver, software events only.
[    0.997471] KVM setup paravirtual spinlock
[    1.002291] x86: Booting SMP configuration:
[    1.005065] .... node  #0, CPUs:      #1
[    1.007850] kvm-clock: cpu 1, msr 0:3ffe3041, secondary cpu clock
[    1.011340] mce: CPU supports 0 MCE banks
[    1.014927] x86: Booted up 1 node, 2 CPUs
[    1.018759] smpboot: Total of 2 processors activated (9976.88 BogoMIPS)
[    1.023292] devtmpfs: initialized
[    1.043716] evm: security.selinux
[    1.046211] evm: security.SMACK64
[    1.048744] evm: security.SMACK64EXEC
[    1.051345] evm: security.SMACK64TRANSMUTE
[    1.053726] evm: security.SMACK64MMAP
[    1.056299] evm: security.ima
[    1.058627] evm: security.capability
[    1.061730] clocksource: jiffies: mask: 0xffffffff max_cycles: 0xffffffff, max_idle_ns: 7645041785100000 ns
[    1.067596] futex hash table entries: 512 (order: 3, 32768 bytes)
[    1.071949] pinctrl core: initialized pinctrl subsystem
[    1.075588] RTC time: 15:45:22, date: 08/27/21
[    1.078981] NET: Registered protocol family 16
[    1.092853] cpuidle: using governor ladder
[    1.105564] cpuidle: using governor menu
[    1.108644] PCCT header not found.
[    1.111314] ACPI: bus type PCI registered
[    1.114132] acpiphp: ACPI Hot Plug PCI Controller Driver version: 0.5
[    1.118582] PCI: Using configuration type 1 for base access
[    1.138185] ACPI: Added _OSI(Module Device)
[    1.140834] ACPI: Added _OSI(Processor Device)
[    1.143771] ACPI: Added _OSI(3.0 _SCP Extensions)
[    1.147317] ACPI: Added _OSI(Processor Aggregator Device)
[    1.152971] ACPI: Executed 1 blocks of module-level executable AML code
[    1.166655] ACPI: Interpreter enabled
[    1.169695] ACPI: (supports S0 S5)
[    1.172334] ACPI: Using IOAPIC for interrupt routing
[    1.176371] PCI: Using host bridge windows from ACPI; if necessary, use "pci=nocrs" and report a bug
[    1.200406] ACPI: PCI Root Bridge [PCI0] (domain 0000 [bus 00-ff])
[    1.204620] acpi PNP0A03:00: _OSC: OS supports [ASPM ClockPM Segments MSI]
[    1.210537] acpi PNP0A03:00: _OSC: not requesting OS control; OS requires [ExtendedConfig ASPM ClockPM MSI]
[    1.216861] acpi PNP0A03:00: fail to add MMCONFIG information, can't access extended PCI configuration space under this bridge.
[    1.225764] PCI host bridge to bus 0000:00
[    1.228723] pci_bus 0000:00: root bus resource [io  0x0000-0x0cf7 window]
[    1.232139] pci_bus 0000:00: root bus resource [io  0x0d00-0xffff window]
[    1.236635] pci_bus 0000:00: root bus resource [mem 0x000a0000-0x000bffff window]
[    1.242632] pci_bus 0000:00: root bus resource [mem 0x40000000-0xfdffffff window]
[    1.247934] pci_bus 0000:00: root bus resource [bus 00-ff]
[    1.257373] pci 0000:00:01.1: legacy IDE quirk: reg 0x10: [io  0x01f0-0x01f7]
[    1.262531] pci 0000:00:01.1: legacy IDE quirk: reg 0x14: [io  0x03f6]
[    1.266243] pci 0000:00:01.1: legacy IDE quirk: reg 0x18: [io  0x0170-0x0177]
[    1.310912] pci 0000:00:01.1: legacy IDE quirk: reg 0x1c: [io  0x0376]
[    1.345993] pci 0000:00:07.0: quirk: [io  0x4000-0x403f] claimed by PIIX4 ACPI
[    1.351258] pci 0000:00:07.0: quirk: [io  0x4100-0x410f] claimed by PIIX4 SMB
[    1.374681] ACPI: PCI Interrupt Link [LNKA] (IRQs 5 9 10 *11)
[    1.379919] ACPI: PCI Interrupt Link [LNKB] (IRQs 5 9 *10 11)
[    1.384693] ACPI: PCI Interrupt Link [LNKC] (IRQs 5 *9 10 11)
[    1.389407] ACPI: PCI Interrupt Link [LNKD] (IRQs 5 9 10 *11)
[    1.394242] ACPI: Enabled 2 GPEs in block 00 to 07
[    1.398283] vgaarb: setting as boot device: PCI:0000:00:02.0
[    1.401589] vgaarb: device added: PCI:0000:00:02.0,decodes=io+mem,owns=io+mem,locks=none
[    1.407088] vgaarb: loaded
[    1.409294] vgaarb: bridge control possible 0000:00:02.0
[    1.413457] SCSI subsystem initialized
[    1.416312] ACPI: bus type USB registered
[    1.419516] usbcore: registered new interface driver usbfs
[    1.423130] usbcore: registered new interface driver hub
[    1.426546] usbcore: registered new device driver usb
[    1.435028] PCI: Using ACPI for IRQ routing
[    1.438765] NetLabel: Initializing
[    1.441521] NetLabel:  domain hash size = 128
[    1.444325] NetLabel:  protocols = UNLABELED CIPSOv4
[    1.447314] NetLabel:  unlabeled traffic allowed by default
[    1.451467] amd_nb: Cannot enumerate AMD northbridges
[    1.454129] clocksource: Switched to clocksource kvm-clock
[    1.487493] AppArmor: AppArmor Filesystem Enabled
[    1.490065] pnp: PnP ACPI init
[    1.494062] pnp: PnP ACPI: found 3 devices
[    1.507394] clocksource: acpi_pm: mask: 0xffffff max_cycles: 0xffffff, max_idle_ns: 2085701024 ns
[    1.513424] NET: Registered protocol family 2
[    1.516815] TCP established hash table entries: 8192 (order: 4, 65536 bytes)
[    1.521014] TCP bind hash table entries: 8192 (order: 5, 131072 bytes)
[    1.525398] TCP: Hash tables configured (established 8192 bind 8192)
[    1.529793] UDP hash table entries: 512 (order: 2, 16384 bytes)
[    1.533651] UDP-Lite hash table entries: 512 (order: 2, 16384 bytes)
[    1.536949] NET: Registered protocol family 1
[    1.539337] pci 0000:00:00.0: Limiting direct PCI/PCI transfers
[    1.542188] pci 0000:00:01.0: Activating ISA DMA hang workarounds
[    1.546309] Unpacking initramfs...
[    2.203767] Freeing initrd memory: 14888K
[    2.206925] RAPL PMU detected, API unit is 2^-32 Joules, 4 fixed counters 10737418240 ms ovfl timer
[    2.212954] hw unit of domain pp0-core 2^-0 Joules
[    2.216242] hw unit of domain package 2^-0 Joules
[    2.219615] hw unit of domain dram 2^-0 Joules
[    2.222211] hw unit of domain pp1-gpu 2^-0 Joules
[    2.225439] clocksource: tsc: mask: 0xffffffffffffffff max_cycles: 0x23f3e76dd04, max_idle_ns: 440795285707 ns
[    2.232246] platform rtc_cmos: registered platform RTC device (no PNP device found)
[    2.237286] Scanning for low memory corruption every 60 seconds
[    2.241532] audit: initializing netlink subsys (disabled)
[    2.244570] audit: type=2000 audit(1630079129.754:1): initialized
[    2.249040] Initialise system trusted keyring
[    2.252243] HugeTLB registered 2 MB page size, pre-allocated 0 pages
[    2.260260] zbud: loaded
[    2.262842] VFS: Disk quotas dquot_6.6.0
[    2.265223] VFS: Dquot-cache hash table entries: 512 (order 0, 4096 bytes)
[    2.270106] squashfs: version 4.0 (2009/01/31) Phillip Lougher
[    2.274549] fuse init (API version 7.23)
[    2.277072] Key type big_key registered
[    2.279814] Allocating IMA MOK and blacklist keyrings.
[    2.284479] Key type asymmetric registered
[    2.287419] Asymmetric key parser 'x509' registered
[    2.290742] Block layer SCSI generic (bsg) driver version 0.4 loaded (major 249)
[    2.296033] io scheduler noop registered
[    2.298238] io scheduler deadline registered (default)
[    2.301885] io scheduler cfq registered
[    2.304856] pci_hotplug: PCI Hot Plug PCI Core version: 0.5
[    2.308451] pciehp: PCI Express Hot Plug Controller Driver version: 0.4
[    2.312835] ACPI: AC Adapter [AC] (on-line)
[    2.315916] input: Power Button as /devices/LNXSYSTM:00/LNXPWRBN:00/input/input0
[    2.321029] ACPI: Power Button [PWRF]
[    2.324020] input: Sleep Button as /devices/LNXSYSTM:00/LNXSLPBN:00/input/input1
[    2.329159] ACPI: Sleep Button [SLPF]
[    2.332171] GHES: HEST is not enabled!
[    2.336224] ACPI: Battery Slot [BAT0] (battery present)
[    2.338936] Serial: 8250/16550 driver, 32 ports, IRQ sharing enabled
[    2.364372] 00:02: ttyS0 at I/O 0x3f8 (irq = 4, base_baud = 115200) is a 16550A
[    2.373736] Linux agpgart interface v0.103
[    2.380236] loop: module loaded
[    2.384719] scsi host0: ata_piix
[    2.387611] scsi host1: ata_piix
[    2.390496] ata1: PATA max UDMA/33 cmd 0x1f0 ctl 0x3f6 bmdma 0xd000 irq 14
[    2.394482] ata2: PATA max UDMA/33 cmd 0x170 ctl 0x376 bmdma 0xd008 irq 15
[    2.399168] libphy: Fixed MDIO Bus: probed
[    2.402584] tun: Universal TUN/TAP device driver, 1.6
[    2.405901] tun: (C) 1999-2004 Max Krasnyansky <maxk@qualcomm.com>
[    2.409820] PPP generic driver version 2.4.2
[    2.413013] ehci_hcd: USB 2.0 'Enhanced' Host Controller (EHCI) Driver
[    2.417028] ehci-pci: EHCI PCI platform driver
[    2.420697] ehci-platform: EHCI generic platform driver
[    2.424240] ohci_hcd: USB 1.1 'Open' Host Controller (OHCI) Driver
[    2.428262] ohci-pci: OHCI PCI platform driver
[    2.431642] ohci-platform: OHCI generic platform driver
[    2.435259] uhci_hcd: USB Universal Host Controller Interface driver
[    2.439480] i8042: PNP: PS/2 Controller [PNP0303:PS2K,PNP0f03:PS2M] at 0x60,0x64 irq 1,12
[    2.446560] serio: i8042 KBD port at 0x60,0x64 irq 1
[    2.449808] serio: i8042 AUX port at 0x60,0x64 irq 12
[    2.453373] mousedev: PS/2 mouse device common for all mice
[    2.458407] input: AT Translated Set 2 keyboard as /devices/platform/i8042/serio0/input/input2
[    2.464598] rtc_cmos rtc_cmos: rtc core: registered rtc_cmos as rtc0
[    2.469009] rtc_cmos rtc_cmos: alarms up to one day, 114 bytes nvram
[    2.473039] i2c /dev entries driver
[    2.475858] device-mapper: uevent: version 1.0.3
[    2.479282] device-mapper: ioctl: 4.34.0-ioctl (2015-10-28) initialised: dm-devel@redhat.com
[    2.485157] ledtrig-cpu: registered to indicate activity on CPUs
[    2.489589] NET: Registered protocol family 10
[    2.492710] NET: Registered protocol family 17
[    2.495597] Key type dns_resolver registered
[    2.499149] registered taskstats version 1
[    2.501997] Loading compiled-in X.509 certificates
[    2.506471] Loaded X.509 cert 'Build time autogenerated kernel key: cf00e047681d67edb2720680708b7d9498083038'
[    2.513305] zswap: loaded using pool lzo/zbud
[    2.520041] Key type trusted registered
[    2.529017] Key type encrypted registered
[    2.531844] AppArmor: AppArmor sha1 policy hashing enabled
[    2.535486] ima: No TPM chip found, activating TPM-bypass!
[    2.539035] ima: Allocated hash algorithm: sha1
[    2.542026] evm: HMAC attrs: 0x1
[    2.545154]   Magic number: 1:868:791
[    2.547989] rtc_cmos rtc_cmos: setting system clock to 2021-08-27 15:45:24 UTC (1630079124)
[    2.554033] BIOS EDD facility v0.16 2004-Jun-25, 0 devices found
[    2.557851] EDD information not available.
[    2.590799] Freeing unused kernel memory: 1492K
[    2.593791] Write protecting the kernel read-only data: 14336k
[    2.598727] Freeing unused kernel memory: 1584K
[    2.602082] Freeing unused kernel memory: 52K
Loading, please wait...
starting version 229
[    2.630434] random: systemd-udevd: uninitialized urandom read (16 bytes read, 3 bits of entropy available)
[    2.631938] random: udevadm: uninitialized urandom read (16 bytes read, 3 bits of entropy available)
[    2.631992] random: udevadm: uninitialized urandom read (16 bytes read, 3 bits of entropy available)
[    2.649161] random: systemd-udevd: uninitialized urandom read (16 bytes read, 3 bits of entropy available)
[    2.655581] random: systemd-udevd: uninitialized urandom read (16 bytes read, 3 bits of entropy available)
[    2.661570] random: udevadm: uninitialized urandom read (16 bytes read, 3 bits of entropy available)
[    2.661691] random: udevadm: uninitialized urandom read (16 bytes read, 3 bits of entropy available)
[    2.662280] random: udevadm: uninitialized urandom read (16 bytes read, 3 bits of entropy available)
[    2.662446] random: udevadm: uninitialized urandom read (16 bytes read, 3 bits of entropy available)
[    2.662618] random: udevadm: uninitialized urandom read (16 bytes read, 3 bits of entropy available)
[    2.775916] e1000: Intel(R) PRO/1000 Network Driver - version 7.3.21-k8-NAPI
[    2.780313] e1000: Copyright (c) 1999-2006 Intel Corporation.
[    2.842059] Fusion MPT base driver 3.04.20
[    2.845390] Copyright (c) 1999-2008 LSI Corporation
[    2.880900] Fusion MPT SPI Host driver 3.04.20
[    2.887487] AVX2 version of gcm_enc/dec engaged.
[    2.890861] AES CTR mode by8 optimization enabled
[    3.026970] input: ImExPS/2 Generic Explorer Mouse as /devices/platform/i8042/serio1/input/input4
[    3.952435] e1000 0000:00:03.0 eth0: (PCI:33MHz:32-bit) 02:a0:46:b5:71:eb
[    3.958083] e1000 0000:00:03.0 eth0: Intel(R) PRO/1000 Network Connection
[    3.972013] mptbase: ioc0: Initiating bringup
[    4.035320] ioc0: LSI53C1030 A0: Capabilities={Initiator}
[    4.203554] scsi host2: ioc0: LSI53C1030 A0, FwRev=00000000h, Ports=1, MaxQ=256, IRQ=20
[    4.319410] scsi 2:0:0:0: Direct-Access     VBOX     HARDDISK         1.0  PQ: 0 ANSI: 5
[    4.324946] scsi target2:0:0: Beginning Domain Validation
[    4.333710] scsi target2:0:0: Domain Validation skipping write tests
[    4.338130] scsi target2:0:0: Ending Domain Validation
[    4.341907] scsi target2:0:0: asynchronous
[    4.394410] scsi 2:0:1:0: Direct-Access     VBOX     HARDDISK         1.0  PQ: 0 ANSI: 5
[    4.399888] scsi target2:0:1: Beginning Domain Validation
[    4.405831] scsi target2:0:1: Domain Validation skipping write tests
[    4.409715] scsi target2:0:1: Ending Domain Validation
[    4.413524] scsi target2:0:1: asynchronous
[    4.428485] sd 2:0:0:0: Attached scsi generic sg0 type 0
[    4.432013] sd 2:0:0:0: [sda] 83886080 512-byte logical blocks: (42.9 GB/40.0 GiB)
[    4.438421] sd 2:0:1:0: [sdb] 20480 512-byte logical blocks: (10.5 MB/10.0 MiB)
[    4.444810] sd 2:0:1:0: Attached scsi generic sg1 type 0
[    4.451994] sd 2:0:0:0: [sda] Write Protect is off
[    4.455890] sd 2:0:1:0: [sdb] Write Protect is off
[    4.459671] sd 2:0:0:0: [sda] Incomplete mode parameter data
[    4.463562] sd 2:0:0:0: [sda] Assuming drive cache: write through
[    4.467674] sd 2:0:1:0: [sdb] Incomplete mode parameter data
[    4.471537] sd 2:0:1:0: [sdb] Assuming drive cache: write through
[    4.479105]  sda: sda1
[    4.484277] sd 2:0:1:0: [sdb] Attached SCSI disk
[    4.488344] sd 2:0:0:0: [sda] Attached SCSI disk
[    4.850120] e1000 0000:00:08.0 eth1: (PCI:33MHz:32-bit) 08:00:27:d9:f4:a7
[    4.854460] e1000 0000:00:08.0 eth1: Intel(R) PRO/1000 Network Connection
[    4.860530] e1000 0000:00:03.0 enp0s3: renamed from eth0
[    4.872239] e1000 0000:00:08.0 enp0s8: renamed from eth1
Begin: Loading essential drivers ... [    7.413233] md: linear personality registered for level -1
[    7.421361] md: multipath personality registered for level -4
[    7.429438] md: raid0 personality registered for level 0
[    7.440293] md: raid1 personality registered for level 1
[    7.518226] raid6: sse2x1   gen()  2083 MB/s
[    7.586178] raid6: sse2x1   xor()  1341 MB/s
[    7.654149] raid6: sse2x2   gen()  3494 MB/s
[    7.722207] raid6: sse2x2   xor()  2456 MB/s
[    7.790178] raid6: sse2x4   gen()  5274 MB/s
[    7.858211] raid6: sse2x4   xor()  3222 MB/s
[    7.926177] raid6: avx2x1   gen()  4426 MB/s
[    7.994173] raid6: avx2x2   gen()  7714 MB/s
[    8.062188] raid6: avx2x4   gen() 10552 MB/s
[    8.065153] raid6: using algorithm avx2x4 gen() 10552 MB/s
[    8.068920] raid6: using avx2x2 recovery algorithm
[    8.075573] xor: automatically using best checksumming function:
[    8.118240]    avx       : 13104.000 MB/sec
[    8.123723] async_tx: api initialized (async)
[    8.148442] md: raid6 personality registered for level 6
[    8.152057] md: raid5 personality registered for level 5
[    8.155534] md: raid4 personality registered for level 4
[    8.173216] md: raid10 personality registered for level 10
done.
Begin: Running /scripts/init-premount ... done.
Begin: Mounting root file system ... Begin: Running /scripts/local-top ... done.
Begin: Running /scripts/local-premount ... [    8.254497] Btrfs loaded
Scanning for Btrfs filesystems
done.
Warning: fsck not present, so skipping root file system
[    8.303574] EXT4-fs (sda1): INFO: recovery required on readonly filesystem
[    8.307507] EXT4-fs (sda1): write access will be enabled during recovery
[    8.654687] EXT4-fs (sda1): orphan cleanup on readonly fs
[    8.658077] EXT4-fs (sda1): 1 orphan inode deleted
[    8.661296] EXT4-fs (sda1): recovery complete
[    8.664727] EXT4-fs (sda1): mounted filesystem with ordered data mode. Opts: (null)
done.
Begin: Running /scripts/local-bottom ... done.
Begin: Running /scripts/init-bottom ... done.
[    8.838605] systemd[1]: systemd 229 running in system mode. (+PAM +AUDIT +SELINUX +IMA +APPARMOR +SMACK +SYSVINIT +UTMP +LIBCRYPTSETUP +GCRYPT +GNUTLS +ACL +XZ -LZ4 +SECCOMP +BLKID +ELFUTILS +KMOD -IDN)
[    8.850034] systemd[1]: Detected virtualization oracle.
[    8.853566] systemd[1]: Detected architecture x86-64.

Welcome to [1mUbuntu 16.04.7 LTS[0m!

[    8.862708] systemd[1]: Set hostname to <ubuntu-xenial>.
[    9.099206] systemd[1]: Started Forward Password Requests to Wall Directory Watch.
[[0;32m  OK  [0m] Started Forward Password Requests to Wall Directory Watch.
[    9.107632] systemd[1]: Listening on udev Kernel Socket.
[[0;32m  OK  [0m] Listening on udev Kernel Socket.
[    9.113312] systemd[1]: Reached target User and Group Name Lookups.
[[0;32m  OK  [0m] Reached target User and Group Name Lookups.
[    9.119611] systemd[1]: Listening on LVM2 metadata daemon socket.
[[0;32m  OK  [0m] Listening on LVM2 metadata daemon socket.
[    9.125958] systemd[1]: Listening on fsck to fsckd communication Socket.
[[0;32m  OK  [0m] Listening on fsck to fsckd communication Socket.
[    9.132845] systemd[1]: Set up automount Arbitrary Executable File Formats File System Automount Point.
[[0;32m  OK  [0m] Set up automount Arbitrary Executab...ats File System Automount Point.
[    9.142712] systemd[1]: Created slice User and Session Slice.
[[0;32m  OK  [0m] Created slice User and Session Slice.
[    9.148666] systemd[1]: Started Trigger resolvconf update for networkd DNS.
[[0;32m  OK  [0m] Started Trigger resolvconf update for networkd DNS.
[    9.156631] systemd[1]: Created slice System Slice.
[[0;32m  OK  [0m] Created slice System Slice.
[    9.161814] systemd[1]: Listening on udev Control Socket.
[[0;32m  OK  [0m] Listening on udev Control Socket.
[    9.167507] systemd[1]: Listening on LVM2 poll daemon socket.
[[0;32m  OK  [0m] Listening on LVM2 poll daemon socket.
[    9.179187] systemd[1]: Created slice system-serial\x2dgetty.slice.
[[0;32m  OK  [0m] Created slice system-serial\x2dgetty.slice.
[    9.185481] systemd[1]: Reached target Encrypted Volumes.
[[0;32m  OK  [0m] Reached target Encrypted Volumes.
[    9.190806] systemd[1]: Listening on Journal Audit Socket.
[[0;32m  OK  [0m] Listening on Journal Audit Socket.
[    9.196641] systemd[1]: Listening on Journal Socket.
[[0;32m  OK  [0m] Listening on Journal Socket.
[    9.215093] systemd[1]: Mounting Huge Pages File System...
         Mounting Huge Pages File System...
[    9.228114] systemd[1]: Starting Create list of required static device nodes for the current kernel...
         Starting Create list of required st... nodes for the current kernel...
[    9.240713] systemd[1]: Mounting Debug File System...
         Mounting Debug File System...
[    9.247908] systemd[1]: Starting Set console keymap...
         Starting Set console keymap...
[    9.255165] systemd[1]: Starting Nameserver information manager...
         Starting Nameserver information manager...
[    9.265273] systemd[1]: Reached target Swap.
[[0;32m  OK  [0m] Reached target Swap.
[    9.270860] systemd[1]: Listening on /dev/initctl Compatibility Named Pipe.
[[0;32m  OK  [0m] Listening on /dev/initctl Compatibility Named Pipe.
[    9.280415] systemd[1]: Starting Uncomplicated firewall...
         Starting Uncomplicated firewall...
[    9.288808] systemd[1]: Listening on Syslog Socket.
[[0;32m  OK  [0m] Listening on Syslog Socket.
[    9.295400] systemd[1]: Listening on Journal Socket (/dev/log).
[[0;32m  OK  [0m] Listening on Journal Socket (/dev/log).
[    9.318722] systemd[1]: Starting Journal Service...
         Starting Journal Service...
[    9.325563] systemd[1]: Listening on Device-mapper event daemon FIFOs.
[[0;32m  OK  [0m] Listening on Device-mapper event daemon FIFOs.
[    9.335432] systemd[1]: Starting Monitoring of LVM2 mirrors, snapshots etc. using dmeventd or progress polling...
         Starting Monitoring of LVM2 mirrors... dmeventd or progress polling...
[    9.352414] systemd[1]: Reached target System Time Synchronized.
[[0;32m  OK  [0m] Reached target System Time Synchronized.
[    9.362825] systemd[1]: Starting File System Check on Root Device...
         Starting File System Check on Root Device...
[    9.386616] systemd[1]: Reached target Slices.
[[0;32m  OK  [0m] Reached target Slices.
[    9.418435] systemd[1]: Mounting POSIX Message Queue File System...
         Mounting POSIX Message Queue File System...
[    9.432104] systemd[1]: Starting Load Kernel Modules...
         Starting Load Kernel Modules...
[    9.447168] systemd[1]: Mounted POSIX Message Queue File System.
[    9.453250] Loading iSCSI transport class v2.0-870.
[[0;32m  OK  [0m] Mounted POSIX Message Queue File System.
[    9.463448] systemd[1]: Mounted Huge Pages File System.
[[0;32m  OK  [0m] Mounted Huge Pages File System.
[    9.469355] systemd[1]: Mounted Debug File System.
[[0;32m  OK  [0m] Mounted Debug File System.
[    9.479239] systemd[1]: Started Create list of required static device nodes for the current kernel.
[[0;32m  OK  [0m] Started Create list of required sta...ce nodes for the current kernel.
[    9.505378] iscsi: registered transport (tcp)
[    9.512176] systemd[1]: Started Uncomplicated firewall.
[[0;32m  OK  [0m] Started Uncomplicated firewall.
[    9.519599] systemd[1]: Started File System Check on Root Device.
[[0;32m  OK  [0m] Started File System Check on Root Device.
[    9.530071] systemd[1]: Started Nameserver information manager.
[[0;32m  OK  [0m] Started Nameserver information manager.
[    9.541729] systemd[1]: Started Journal Service.
[[0;32m  OK  [0m] Started Journal Service.
[[0;32m  OK  [0m] Started LVM2 metadata daemon.
[[0;32m  OK  [0m] Started File System Check Daemon to report status.
         Starting Remount Root and Kernel File Systems...
         Starting Create Static Device Nodes in /dev...
[    9.586258] EXT4-fs (sda1): re-mounted. Opts: (null)
[[0;32m  OK  [0m] Started Set console keymap.
[[0;32m  OK  [0m] Started Remount Root and Kernel File Systems.
         Starting Load/Save Random Seed...
         Starting udev Coldplug all Devices...
         Starting Flush Journal to Persistent Storage...
[[0;32m  OK  [0m] Started Load/Save Random Seed.
[[0;32m  OK  [0m] Started Create Static Device Nodes in /dev.
         Starting udev Kernel Device Manager...
[    9.690818] iscsi: registered transport (iser)
[    9.701208] random: nonblocking pool is initialized
[[0;32m  OK  [0m] Started Load Kernel Modules.
         [    9.734340] systemd-journald[388]: Received request to flush runtime journal from PID 1
Mounting FUSE Control File System...
         Starting Apply Kernel Variables...
[[0;32m  OK  [0m] Started Flush Journal to Persistent Storage.
[[0;32m  OK  [0m] Mounted FUSE Control File System.
[[0;32m  OK  [0m] Started Apply Kernel Variables.
[[0;32m  OK  [0m] Started udev Kernel Device Manager.
[[0;32m  OK  [0m] Started udev Coldplug all Devices.
[[0;32m  OK  [0m] Started Dispatch Password Requests to Console Directory Watch.
[[0;32m  OK  [0m] Started Monitoring of LVM2 mirrors,...ng dmeventd or progress polling.
[[0;32m  OK  [0m] Reached target Local File Systems (Pre).
[[0;32m  OK  [0m] Reached target Local File Systems.
         Starting Tell Plymouth To Write Out Runtime Data...
         Starting LSB: AppArmor initialization...
         Starting Create Volatile Files and Directories...
         Starting Initial cloud-init job (pre-networking)...
         Starting Set console font and keymap...
[[0;32m  OK  [0m] Started Tell Plymouth To Write Out Runtime Data.
[[0;32m  OK  [0m] Started Create Volatile Files and Directories.
         Starting Update UTMP about System Boot/Shutdown...
[[0;32m  OK  [0m] Started Update UTMP about System Boot/Shutdown.
[[0;32m  OK  [0m] Started LSB: AppArmor initialization.
         Starting Load AppArmor profiles managed internally by snapd...
[[0;32m  OK  [0m] Started Load AppArmor profiles managed internally by snapd.
[[0;32m  OK  [0m] Found device /dev/ttyS0.
[[0;32m  OK  [0m] Listening on Load/Save RF Kill Switch Status /dev/rfkill Watch.
[[0;32m  OK  [0m] Found device 82540EM Gigabit Ethern...r (PRO/1000 MT Desktop Adapter).
[   12.068518] cloud-init[500]: Cloud-init v. 21.1-19-gbad84ad4-0ubuntu1~16.04.2 running 'init-local' at Fri, 27 Aug 2021 15:45:34 +0000. Up 11.35 seconds.
[[0;32m  OK  [0m] Started Initial cloud-init job (pre-networking).
[[0;32m  OK  [0m] Reached target Network (Pre).
[[0;32m  OK  [0m] Started ifup for enp0s3.
         Starting Raise network interfaces...
[[0;32m  OK  [0m] Started Set console font and keymap.
[[0;32m  OK  [0m] Created slice system-getty.slice.
[[0;32m  OK  [0m] Started Raise network interfaces.
[[0;32m  OK  [0m] Reached target Network.
         Starting Initial cloud-init job (metadata service crawler)...
[   15.067821] cloud-init[998]: Cloud-init v. 21.1-19-gbad84ad4-0ubuntu1~16.04.2 running 'init' at Fri, 27 Aug 2021 15:45:37 +0000. Up 14.36 seconds.
[   15.073825] cloud-init[998]: ci-info: ++++++++++++++++++++++++++++++++++++++Net device info+++++++++++++++++++++++++++++++++++++++
[   15.078755] cloud-init[998]: ci-info: +--------+-------+----------------------------+---------------+--------+-------------------+
[   15.083785] cloud-init[998]: ci-info: | Device |   Up  |          Address           |      Mask     | Scope  |     Hw-Address    |
[   15.088897] cloud-init[998]: ci-info: +--------+-------+----------------------------+---------------+--------+-------------------+
[   15.093671] cloud-init[998]: ci-info: | enp0s3 |  True |         10.0.2.15          | 255.255.255.0 | global | 02:a0:46:b5:71:eb |
[   15.098435] cloud-init[998]: ci-info: | enp0s3 |  True | fe80::a0:46ff:feb5:71eb/64 |       .       |  link  | 02:a0:46:b5:71:eb |
[   15.102895] cloud-init[998]: ci-info: | enp0s8 | False |             .              |       .       |   .    | 08:00:27:d9:f4:a7 |
[   15.107765] cloud-init[998]: ci-info: |   lo   |  True |         127.0.0.1          |   255.0.0.0   |  host  |         .         |
[   15.112773] cloud-init[998]: ci-info: |   lo   |  True |          ::1/128           |       .       |  host  |         .         |
[   15.118159] cloud-init[998]: ci-info: +--------+-------+----------------------------+---------------+--------+-------------------+
[   15.123339] cloud-init[998]: ci-info: +++++++++++++++++++++++++++Route IPv4 info++++++++++++++++++++++++++++
[   15.127533] cloud-init[998]: ci-info: +-------+-------------+----------+---------------+-----------+-------+
[   15.132124] cloud-init[998]: ci-info: | Route | Destination | Gateway  |    Genmask    | Interface | Flags |
[   15.136732] cloud-init[998]: ci-info: +-------+-------------+----------+---------------+-----------+-------+
[   15.141387] cloud-init[998]: ci-info: |   0   |   0.0.0.0   | 10.0.2.2 |    0.0.0.0    |   enp0s3  |   UG  |
[   15.145788] cloud-init[998]: ci-info: |   1   |   10.0.2.0  | 0.0.0.0  | 255.255.255.0 |   enp0s3  |   U   |
[   15.150418] cloud-init[998]: ci-info: +-------+-------------+----------+---------------+-----------+-------+
[   15.154988] cloud-init[998]: ci-info: +++++++++++++++++++Route IPv6 info+++++++++++++++++++
[   15.158854] cloud-init[998]: ci-info: +-------+-------------+---------+-----------+-------+
[   15.162907] cloud-init[998]: ci-info: | Route | Destination | Gateway | Interface | Flags |
[   15.166359] cloud-init[998]: ci-info: +-------+-------------+---------+-----------+-------+
[   15.169977] cloud-init[998]: ci-info: |   0   |  fe80::/64  |    ::   |   enp0s3  |   U   |
[   15.174306] cloud-init[998]: ci-info: |   4   |   ff00::/8  |    ::   |   enp0s3  |   U   |
[   15.178284] cloud-init[998]: ci-info: +-------+-------------+---------+-----------+-------+
[[0;32m  OK  [0m] Started Initial cloud-init job (metadata service crawler).
[[0;32m  OK  [0m] Reached target Network is Online.
         Starting iSCSI initiator daemon (iscsid)...
[[0;32m  OK  [0m] Reached target Cloud-config availability.
[[0;32m  OK  [0m] Reached target System Initialization.
[[0;32m  OK  [0m] Listening on UUID daemon activation socket.
[[0;32m  OK  [0m] Started Message of the Day.
         Starting Socket activation for snappy daemon.
[[0;32m  OK  [0m] Listening on ACPID Listen Socket.
[[0;32m  OK  [0m] Started Ubuntu Advantage update messaging.
         Starting LXD - unix socket.
[[0;32m  OK  [0m] Started Daily Cleanup of Temporary Directories.
[[0;32m  OK  [0m] Started ACPI Events Check.
[[0;32m  OK  [0m] Reached target Paths.
[[0;32m  OK  [0m] Listening on D-Bus System Message Bus Socket.
[[0;32m  OK  [0m] Started Daily apt download activities.
[[0;32m  OK  [0m] Started Daily apt upgrade and clean activities.
[[0;32m  OK  [0m] Reached target Timers.
[[0;32m  OK  [0m] Listening on Socket activation for snappy daemon.
[[0;32m  OK  [0m] Listening on LXD - unix socket.
[[0;32m  OK  [0m] Reached target Sockets.
[[0;32m  OK  [0m] Reached target Basic System.
         Starting Accounts Service...
         Starting LSB: Record successful boot for GRUB...
         Starting Login Service...
         Starting LXD - container startup/shutdown...
         Starting LSB: MD monitoring daemon...
[[0;32m  OK  [0m] Started FUSE filesystem for LXC.
         Starting OpenBSD Secure Shell server...
         Starting System Logging Service...
[[0;32m  OK  [0m] Started Regular background program processing daemon.
[[0;32m  OK  [0m] Started ACPI event daemon.
[[0;32m  OK  [0m] Started D-Bus System Message Bus.
         Starting Virtualbox guest utils...
[[0;32m  OK  [0m] Started Deferred execution scheduler.
         Starting Snap Daemon...
         Starting /etc/rc.local Compatibility...
[[0;32m  OK  [0m] Started System Logging Service.
[[0;32m  OK  [0m] Started iSCSI initiator daemon (iscsid).
[[0;32m  OK  [0m] Started /etc/rc.local Compatibility.
         Starting Authenticate and Authorize Users to Run Privileged Tasks...
         Starting Login to default iSCSI targets...
[[0;32m  OK  [0m] Started OpenBSD Secure Shell server.
[[0;32m  OK  [0m] Started Login Service.
[[0;32m  OK  [0m] Started Unattended Upgrades Shutdown.
[[0;32m  OK  [0m] Started LSB: Record successful boot for GRUB.
[[0;32m  OK  [0m] Started LSB: MD monitoring daemon.
[[0;32m  OK  [0m] Started LXD - container startup/shutdown.
[[0;32m  OK  [0m] Started Login to default iSCSI targets.
[[0;32m  OK  [0m] Reached target Remote File Systems (Pre).
[[0;32m  OK  [0m] Reached target Remote File Systems.
         Starting Permit User Sessions...
         Starting LSB: automatic crash report generation...
         Starting LSB: Set the CPU Frequency Scaling governor to "ondemand"...
         Starting LSB: daemon to balance interrupts for SMP systems...
[[0;32m  OK  [0m] Started Permit User Sessions.
[[0;32m  OK  [0m] Started Authenticate and Authorize Users to Run Privileged Tasks.
[[0;32m  OK  [0m] Started Accounts Service.
         Starting Terminate Plymouth Boot Screen...
         Starting Hold until boot process finishes up...
[[0;32m  OK  [0m] Started LSB: Set the CPU Frequency Scaling governor to "ondemand".
[[0;32m  OK  [0m] Started Terminate Plymouth Boot Screen.
[[0;32m  OK  [0m] Started Hold until boot process finishes up.
[[0;32m  OK  [0m] Started LSB: daemon to balance interrupts for SMP systems.
[[0;32m  OK  [0m] Started Getty on tty1.
         Starting Set console scheme...
[[0;32m  OK  [0m] Started Serial Getty on ttyS0.
[[0;32m  OK  [0m] Reached target Login Prompts.
[[0;32m  OK  [0m] Started Set console scheme.
[[0;32m  OK  [0m] Started LSB: automatic crash report generation.
[[0;32m  OK  [0m] Started Virtualbox guest utils.
[[0;32m  OK  [0m] Started Snap Daemon.
         Starting Wait until snapd is fully seeded...
[[0;32m  OK  [0m] Started Wait until snapd is fully seeded.
         Starting Apply the settings specified in cloud-config...
[[0;32m  OK  [0m] Reached target Multi-User System.
[[0;32m  OK  [0m] Reached target Graphical Interface.
         Starting Update UTMP about System Runlevel Changes...
[[0;32m  OK  [0m] Started Update UTMP about System Runlevel Changes.
[[0;32m  OK  [0m] Created slice User Slice of vagrant.
         Starting User Manager for UID 1000...
[[0;32m  OK  [0m] Started Session 1 of user vagrant.
[[0;32m  OK  [0m] Started User Manager for UID 1000.
[   18.130062] cloud-init[1252]: Cloud-init v. 21.1-19-gbad84ad4-0ubuntu1~16.04.2 running 'modules:config' at Fri, 27 Aug 2021 15:45:40 +0000. Up 17.75 seconds.
[[0;32m  OK  [0m] Started Apply the settings specified in cloud-config.
         Starting Execute cloud user/final scripts...
[   19.815010] cloud-init[1337]: Cloud-init v. 21.1-19-gbad84ad4-0ubuntu1~16.04.2 running 'modules:final' at Fri, 27 Aug 2021 15:45:42 +0000. Up 19.43 seconds.
[   19.821206] cloud-init[1337]: Cloud-init v. 21.1-19-gbad84ad4-0ubuntu1~16.04.2 finished at Fri, 27 Aug 2021 15:45:42 +0000. Datasource DataSourceNoCloud [seed=/dev/sdb][dsmode=net].  Up 19.79 seconds
[[0;32m  OK  [0m] Started Execute cloud user/final scripts.
[[0;32m  OK  [0m] Reached target Cloud-init target.

Ubuntu 16.04.7 LTS ubuntu-xenial ttyS0

ubuntu-xenial login:                                                                                                                                                                                                                                                                                                                                                                                                                                                                                                                                                                                                                                                                                                                                                                                                                                                                                                                                                                                                                                                                                                                                                                                                                                                       